<?xml version="1.0" encoding="UTF-8"?>
<testng-results ignored="0" total="3" passed="3" failed="0" skipped="0">
  <reporter-output>
  </reporter-output>
  <suite started-at="2021-11-14T21:01:11 PST" name="Suite" finished-at="2021-11-14T21:01:26 PST" duration-ms="15100">
    <groups>
    </groups>
    <test started-at="2021-11-14T21:01:11 PST" name="Test" finished-at="2021-11-14T21:01:26 PST" duration-ms="15100">
      <class name="com.webappseurity.zero.MavenProject1.verifyVaildLoginTest">
        <test-method is-config="true" signature="openBrowser()[pri:0, instance:com.webappseurity.zero.MavenProject1.verifyVaildLoginTest@394a2528]" started-at="2021-11-14T21:01:22 PST" name="openBrowser" finished-at="2021-11-14T21:01:25 PST" duration-ms="2770" status="PASS">
          <reporter-output>
          </reporter-output>
        </test-method> <!-- openBrowser -->
        <test-method signature="VerifyVaildLogin()[pri:0, instance:com.webappseurity.zero.MavenProject1.verifyVaildLoginTest@394a2528]" started-at="2021-11-14T21:01:25 PST" name="VerifyVaildLogin" finished-at="2021-11-14T21:01:26 PST" duration-ms="1084" status="PASS">
          <reporter-output>
          </reporter-output>
        </test-method> <!-- VerifyVaildLogin -->
        <test-method is-config="true" signature="closeApplication()[pri:0, instance:com.webappseurity.zero.MavenProject1.verifyVaildLoginTest@394a2528]" started-at="2021-11-14T21:01:26 PST" name="closeApplication" finished-at="2021-11-14T21:01:26 PST" duration-ms="595" status="PASS">
          <reporter-output>
          </reporter-output>
        </test-method> <!-- closeApplication -->
      </class> <!-- com.webappseurity.zero.MavenProject1.verifyVaildLoginTest -->
      <class name="com.webappseurity.zero.MavenProject1.verifyFundsTest">
        <test-method is-config="true" signature="openBrowser()[pri:0, instance:com.webappseurity.zero.MavenProject1.verifyFundsTest@11fc564b]" started-at="2021-11-14T21:01:16 PST" name="openBrowser" finished-at="2021-11-14T21:01:19 PST" duration-ms="2531" status="PASS">
          <reporter-output>
          </reporter-output>
        </test-method> <!-- openBrowser -->
        <test-method signature="verifyFundsTransfer()[pri:0, instance:com.webappseurity.zero.MavenProject1.verifyFundsTest@11fc564b]" started-at="2021-11-14T21:01:19 PST" name="verifyFundsTransfer" finished-at="2021-11-14T21:01:21 PST" duration-ms="2631" status="PASS">
          <reporter-output>
          </reporter-output>
        </test-method> <!-- verifyFundsTransfer -->
        <test-method is-config="true" signature="closeApplication()[pri:0, instance:com.webappseurity.zero.MavenProject1.verifyFundsTest@11fc564b]" started-at="2021-11-14T21:01:21 PST" name="closeApplication" finished-at="2021-11-14T21:01:22 PST" duration-ms="594" status="PASS">
          <reporter-output>
          </reporter-output>
        </test-method> <!-- closeApplication -->
      </class> <!-- com.webappseurity.zero.MavenProject1.verifyFundsTest -->
      <class name="com.webappseurity.zero.MavenProject1.VerifyInvalidLoginTest">
        <test-method is-config="true" signature="openBrowser()[pri:0, instance:com.webappseurity.zero.MavenProject1.VerifyInvalidLoginTest@76ed1b7c]" started-at="2021-11-14T21:01:11 PST" name="openBrowser" finished-at="2021-11-14T21:01:15 PST" duration-ms="3759" status="PASS">
          <reporter-output>
          </reporter-output>
        </test-method> <!-- openBrowser -->
        <test-method signature="VerifyInvaildLogin()[pri:0, instance:com.webappseurity.zero.MavenProject1.VerifyInvalidLoginTest@76ed1b7c]" started-at="2021-11-14T21:01:15 PST" name="VerifyInvaildLogin" finished-at="2021-11-14T21:01:16 PST" duration-ms="484" status="PASS">
          <reporter-output>
          </reporter-output>
        </test-method> <!-- VerifyInvaildLogin -->
        <test-method is-config="true" signature="closeApplication()[pri:0, instance:com.webappseurity.zero.MavenProject1.VerifyInvalidLoginTest@76ed1b7c]" started-at="2021-11-14T21:01:16 PST" name="closeApplication" finished-at="2021-11-14T21:01:16 PST" duration-ms="616" status="PASS">
          <reporter-output>
          </reporter-output>
        </test-method> <!-- closeApplication -->
      </class> <!-- com.webappseurity.zero.MavenProject1.VerifyInvalidLoginTest -->
    </test> <!-- Test -->
  </suite> <!-- Suite -->
</testng-results>
