<?xml version="1.0" encoding="UTF-8"?>
<!-- Generated by org.testng.reporters.JUnitXMLReporter -->
<testsuite ignored="0" hostname="DESKTOP-O4RO0A0" failures="0" tests="3" name="Test" time="15.1" errors="0" timestamp="2021-11-14T21:01:26 PST">
  <testcase classname="com.webappseurity.zero.MavenProject1.VerifyInvalidLoginTest" name="VerifyInvaildLogin" time="0.484"/>
  <testcase classname="com.webappseurity.zero.MavenProject1.verifyFundsTest" name="verifyFundsTransfer" time="2.631"/>
  <testcase classname="com.webappseurity.zero.MavenProject1.verifyVaildLoginTest" name="VerifyVaildLogin" time="1.084"/>
</testsuite> <!-- Test -->
